ApplicationLifecycle3/app/build/intermediates/manifest_merge_blame_file/debug/manifest-merger-blame-debug-report.txt
1<?xml version="1.0" encoding="utf-8"?>
2<manifest xmlns:android="http://schemas.android.com/apk/res/android"
3    package="de.ecspride.applicationlifecycle3"
4    android:versionCode="1"
5    android:versionName="1.0" >
6
7    <uses-sdk
7-->src\main\AndroidManifest.xml:7:5-47
8        android:minSdkVersion="14"
8-->src\main\AndroidManifest.xml:7:5-47
9        android:targetSdkVersion="17" />
9-->src\main\AndroidManifest.xml:7:15-44
10
11    <uses-permission android:name="android.permission.SEND_SMS" />
11-->src\main\AndroidManifest.xml:9:5-67
11-->src\main\AndroidManifest.xml:9:22-64
12    <uses-permission android:name="android.permission.READ_PHONE_STATE" />
12-->src\main\AndroidManifest.xml:10:5-75
12-->src\main\AndroidManifest.xml:10:22-72
13
14    <application
14-->src\main\AndroidManifest.xml:12:5-32:19
15        android:name="de.ecspride.ApplicationLifecyle3"
15-->src\main\AndroidManifest.xml:13:9-56
16        android:allowBackup="true"
16-->src\main\AndroidManifest.xml:14:9-35
17        android:debuggable="true"
18        android:icon="@drawable/ic_launcher"
18-->src\main\AndroidManifest.xml:15:9-45
19        android:label="@string/app_name"
19-->src\main\AndroidManifest.xml:16:9-41
20        android:theme="@style/AppTheme" >
20-->src\main\AndroidManifest.xml:17:9-40
21        <provider
21-->src\main\AndroidManifest.xml:18:9-22:20
22            android:name="de.ecspride.ContentProvider"
22-->src\main\AndroidManifest.xml:19:13-55
23            android:authorities="de.ecspride.applicationlifecycle3.woohoo"
23-->src\main\AndroidManifest.xml:20:13-75
24            android:exported="true" >
24-->src\main\AndroidManifest.xml:21:13-36
25        </provider>
26
27        <activity
27-->src\main\AndroidManifest.xml:24:9-31:20
28            android:name="de.ecspride.MainActivity"
28-->src\main\AndroidManifest.xml:25:13-52
29            android:label="@string/title_activity_main" >
29-->src\main\AndroidManifest.xml:26:13-56
30            <intent-filter>
30-->src\main\AndroidManifest.xml:27:13-30:29
31                <action android:name="android.intent.action.MAIN" />
31-->src\main\AndroidManifest.xml:28:17-69
31-->src\main\AndroidManifest.xml:28:25-66
32
33                <category android:name="android.intent.category.LAUNCHER" />
33-->src\main\AndroidManifest.xml:29:17-77
33-->src\main\AndroidManifest.xml:29:27-74
34            </intent-filter>
35        </activity>
36    </application>
37
38</manifest>